2021-01-18 15:58:04,199 INFO  main                             - Found 1 HealthChecker implementation:sofaComponentHealthChecker
2021-01-18 15:58:04,201 INFO  main                             - Found 3 HealthIndicator implementation:sofaBootHealthIndicator,multiApplicationHealthIndicator,diskSpaceHealthIndicator
2021-01-18 15:58:04,202 INFO  main                             - Found 0 ReadinessCheckCallback implementation: 
2021-01-18 15:58:04,203 INFO  main                             - Begin SOFABoot HealthChecker readiness check.
2021-01-18 15:58:04,205 INFO  main                             - HealthChecker[sofaComponentHealthChecker] readiness check success with 0 retry.
2021-01-18 15:58:04,206 INFO  main                             - SOFABoot HealthChecker readiness check result: success.
2021-01-18 15:58:04,207 INFO  main                             - Begin SOFABoot HealthIndicator readiness check.
2021-01-18 15:58:04,208 INFO  main                             - HealthIndicator[diskSpaceHealthIndicator] readiness check success.
2021-01-18 15:58:04,208 INFO  main                             - SOFABoot HealthIndicator readiness check result: success.
2021-01-18 15:58:04,208 INFO  main                             - Invoking all readiness check callbacks...
2021-01-18 15:58:04,208 INFO  main                             - Begin ReadinessCheckCallback readiness check
2021-01-18 15:58:04,208 INFO  main                             - ReadinessCheckCallback readiness check result: success.
2021-01-18 15:58:04,208 INFO  main                             - Readiness check result: success
2021-01-18 15:59:02,489 INFO  main                             - Found 1 HealthChecker implementation:sofaComponentHealthChecker
2021-01-18 15:59:02,491 INFO  main                             - Found 3 HealthIndicator implementation:sofaBootHealthIndicator,multiApplicationHealthIndicator,diskSpaceHealthIndicator
2021-01-18 15:59:02,492 INFO  main                             - Found 0 ReadinessCheckCallback implementation: 
2021-01-18 15:59:02,492 INFO  main                             - Begin SOFABoot HealthChecker readiness check.
2021-01-18 15:59:02,494 INFO  main                             - HealthChecker[sofaComponentHealthChecker] readiness check success with 0 retry.
2021-01-18 15:59:02,495 INFO  main                             - SOFABoot HealthChecker readiness check result: success.
2021-01-18 15:59:02,496 INFO  main                             - Begin SOFABoot HealthIndicator readiness check.
2021-01-18 15:59:02,497 INFO  main                             - HealthIndicator[diskSpaceHealthIndicator] readiness check success.
2021-01-18 15:59:02,497 INFO  main                             - SOFABoot HealthIndicator readiness check result: success.
2021-01-18 15:59:02,497 INFO  main                             - Invoking all readiness check callbacks...
2021-01-18 15:59:02,498 INFO  main                             - Begin ReadinessCheckCallback readiness check
2021-01-18 15:59:02,498 INFO  main                             - ReadinessCheckCallback readiness check result: success.
2021-01-18 15:59:02,498 INFO  main                             - Readiness check result: success
