2021-01-18 15:09:22.504  INFO 30453 --- [main] c.i.ark.allinone.AllinoneApplication     : Starting AllinoneApplication on zhangrongdeMBP.lan with PID 30453 (/Users/zhangrong/Documents/workspace/dataworks/allinone/target/classes started by zhangrong in /Users/zhangrong/Documents/workspace/dataworks/allinone)
2021-01-18 15:09:22.505  INFO 30453 --- [main] c.i.ark.allinone.AllinoneApplication     : No active profile set, falling back to default profiles: default
2021-01-18 15:09:24.367  INFO 30453 --- [main] o.s.b.w.embedded.tomcat.TomcatWebServer  : Tomcat initialized with port(s): 8002 (http)
2021-01-18 15:09:24.521  INFO 30453 --- [main] o.s.web.context.ContextLoader            : Root WebApplicationContext: initialization completed in 1949 ms
2021-01-18 15:09:25.180  INFO 30453 --- [main] o.s.s.concurrent.ThreadPoolTaskExecutor  : Initializing ExecutorService 'applicationTaskExecutor'
2021-01-18 15:09:25.637  INFO 30453 --- [main] o.s.b.a.e.web.EndpointLinksResolver      : Exposing 4 endpoint(s) beneath base path '/actuator'
2021-01-18 15:09:25.734  INFO 30453 --- [main] o.s.b.w.embedded.tomcat.TomcatWebServer  : Tomcat started on port(s): 8002 (http) with context path ''
2021-01-18 15:09:25.738  INFO 30453 --- [main] c.i.ark.allinone.AllinoneApplication     : Started AllinoneApplication in 3.888 seconds (JVM running for 6.318)
2021-01-18 15:09:41.152  INFO 30453 --- [http-nio-8002-exec-1] o.s.web.servlet.DispatcherServlet        : Initializing Servlet 'dispatcherServlet'
2021-01-18 15:09:41.167  INFO 30453 --- [http-nio-8002-exec-1] o.s.web.servlet.DispatcherServlet        : Completed initialization in 15 ms
2021-01-18 15:14:34.262  INFO 30453 --- [Thread-4] o.s.s.concurrent.ThreadPoolTaskExecutor  : Shutting down ExecutorService 'applicationTaskExecutor'
2021-01-18 15:14:44.722  INFO 31995 --- [main] c.i.ark.allinone.AllinoneApplication     : Starting AllinoneApplication on zhangrongdeMBP.lan with PID 31995 (/Users/zhangrong/Documents/workspace/dataworks/allinone/target/classes started by zhangrong in /Users/zhangrong/Documents/workspace/dataworks/allinone)
2021-01-18 15:14:44.724  INFO 31995 --- [main] c.i.ark.allinone.AllinoneApplication     : No active profile set, falling back to default profiles: default
2021-01-18 15:14:46.787  INFO 31995 --- [main] o.s.b.w.embedded.tomcat.TomcatWebServer  : Tomcat initialized with port(s): 8002 (http)
2021-01-18 15:14:46.934  INFO 31995 --- [main] o.s.web.context.ContextLoader            : Root WebApplicationContext: initialization completed in 2125 ms
2021-01-18 15:14:47.583  INFO 31995 --- [main] o.s.s.concurrent.ThreadPoolTaskExecutor  : Initializing ExecutorService 'applicationTaskExecutor'
2021-01-18 15:14:47.951  INFO 31995 --- [main] o.s.b.a.e.web.EndpointLinksResolver      : Exposing 4 endpoint(s) beneath base path '/actuator'
2021-01-18 15:14:48.039  INFO 31995 --- [main] o.s.b.w.embedded.tomcat.TomcatWebServer  : Tomcat started on port(s): 8002 (http) with context path ''
2021-01-18 15:14:48.043  INFO 31995 --- [main] c.i.ark.allinone.AllinoneApplication     : Started AllinoneApplication in 4.057 seconds (JVM running for 6.188)
2021-01-18 15:14:58.909  INFO 31995 --- [http-nio-8002-exec-1] o.s.web.servlet.DispatcherServlet        : Initializing Servlet 'dispatcherServlet'
2021-01-18 15:14:58.920  INFO 31995 --- [http-nio-8002-exec-1] o.s.web.servlet.DispatcherServlet        : Completed initialization in 11 ms
2021-01-18 15:16:01.460  INFO 31995 --- [Thread-4] o.s.s.concurrent.ThreadPoolTaskExecutor  : Shutting down ExecutorService 'applicationTaskExecutor'
2021-01-18 15:16:06.859  INFO 32359 --- [main] c.i.ark.allinone.AllinoneApplication     : Starting AllinoneApplication on zhangrongdeMBP.lan with PID 32359 (/Users/zhangrong/Documents/workspace/dataworks/allinone/target/classes started by zhangrong in /Users/zhangrong/Documents/workspace/dataworks/allinone)
2021-01-18 15:16:06.860  INFO 32359 --- [main] c.i.ark.allinone.AllinoneApplication     : No active profile set, falling back to default profiles: default
2021-01-18 15:16:08.703  INFO 32359 --- [main] o.s.b.w.embedded.tomcat.TomcatWebServer  : Tomcat initialized with port(s): 8002 (http)
2021-01-18 15:16:08.884  INFO 32359 --- [main] o.s.web.context.ContextLoader            : Root WebApplicationContext: initialization completed in 1972 ms
2021-01-18 15:16:09.568  INFO 32359 --- [main] o.s.s.concurrent.ThreadPoolTaskExecutor  : Initializing ExecutorService 'applicationTaskExecutor'
2021-01-18 15:16:09.915  INFO 32359 --- [main] o.s.b.a.e.web.EndpointLinksResolver      : Exposing 4 endpoint(s) beneath base path '/actuator'
2021-01-18 15:16:10.003  INFO 32359 --- [main] o.s.b.w.embedded.tomcat.TomcatWebServer  : Tomcat started on port(s): 8002 (http) with context path ''
2021-01-18 15:16:10.008  INFO 32359 --- [main] c.i.ark.allinone.AllinoneApplication     : Started AllinoneApplication in 4.173 seconds (JVM running for 6.428)
2021-01-18 15:21:41.677  INFO 32359 --- [Thread-4] o.s.s.concurrent.ThreadPoolTaskExecutor  : Shutting down ExecutorService 'applicationTaskExecutor'
2021-01-18 15:26:31.279  INFO 35856 --- [main] c.i.ark.allinone.AllinoneApplication     : Starting AllinoneApplication on zhangrongdeMBP.lan with PID 35856 (/Users/zhangrong/Documents/workspace/dataworks/allinone/target/classes started by zhangrong in /Users/zhangrong/Documents/workspace/dataworks/allinone)
2021-01-18 15:26:31.280  INFO 35856 --- [main] c.i.ark.allinone.AllinoneApplication     : No active profile set, falling back to default profiles: default
2021-01-18 15:26:33.586  INFO 35856 --- [main] o.s.b.w.embedded.tomcat.TomcatWebServer  : Tomcat initialized with port(s): 8002 (http)
2021-01-18 15:26:33.728  INFO 35856 --- [main] o.s.web.context.ContextLoader            : Root WebApplicationContext: initialization completed in 2371 ms
2021-01-18 15:26:34.319  INFO 35856 --- [main] o.s.s.concurrent.ThreadPoolTaskExecutor  : Initializing ExecutorService 'applicationTaskExecutor'
2021-01-18 15:26:34.648  INFO 35856 --- [main] o.s.b.a.e.web.EndpointLinksResolver      : Exposing 4 endpoint(s) beneath base path '/actuator'
2021-01-18 15:26:34.722  INFO 35856 --- [main] o.s.b.w.embedded.tomcat.TomcatWebServer  : Tomcat started on port(s): 8002 (http) with context path ''
2021-01-18 15:26:34.726  INFO 35856 --- [main] c.i.ark.allinone.AllinoneApplication     : Started AllinoneApplication in 4.524 seconds (JVM running for 6.6)
2021-01-18 15:26:57.820  INFO 35856 --- [http-nio-8002-exec-1] o.s.web.servlet.DispatcherServlet        : Initializing Servlet 'dispatcherServlet'
2021-01-18 15:26:57.829  INFO 35856 --- [http-nio-8002-exec-1] o.s.web.servlet.DispatcherServlet        : Completed initialization in 9 ms
2021-01-18 15:27:20.169  INFO 35856 --- [Thread-4] o.s.s.concurrent.ThreadPoolTaskExecutor  : Shutting down ExecutorService 'applicationTaskExecutor'
2021-01-18 15:27:44.897  INFO 36183 --- [main] c.i.ark.allinone.AllinoneApplication     : Starting AllinoneApplication on zhangrongdeMBP.lan with PID 36183 (/Users/zhangrong/Documents/workspace/dataworks/allinone/target/classes started by zhangrong in /Users/zhangrong/Documents/workspace/dataworks/allinone)
2021-01-18 15:27:44.899  INFO 36183 --- [main] c.i.ark.allinone.AllinoneApplication     : No active profile set, falling back to default profiles: default
2021-01-18 15:27:46.805  INFO 36183 --- [main] o.s.b.w.embedded.tomcat.TomcatWebServer  : Tomcat initialized with port(s): 8002 (http)
2021-01-18 15:27:47.113  INFO 36183 --- [main] o.s.web.context.ContextLoader            : Root WebApplicationContext: initialization completed in 2137 ms
2021-01-18 15:27:47.768  INFO 36183 --- [main] o.s.s.concurrent.ThreadPoolTaskExecutor  : Initializing ExecutorService 'applicationTaskExecutor'
2021-01-18 15:27:48.105  INFO 36183 --- [main] o.s.b.a.e.web.EndpointLinksResolver      : Exposing 4 endpoint(s) beneath base path '/actuator'
2021-01-18 15:27:48.185  INFO 36183 --- [main] o.s.b.w.embedded.tomcat.TomcatWebServer  : Tomcat started on port(s): 8002 (http) with context path ''
2021-01-18 15:27:48.189  INFO 36183 --- [main] c.i.ark.allinone.AllinoneApplication     : Started AllinoneApplication in 3.996 seconds (JVM running for 6.556)
2021-01-18 15:35:03.470  INFO 36183 --- [Thread-4] o.s.s.concurrent.ThreadPoolTaskExecutor  : Shutting down ExecutorService 'applicationTaskExecutor'
2021-01-18 15:36:15.497  INFO 38620 --- [main] c.i.ark.allinone.AllinoneApplication     : Starting AllinoneApplication on zhangrongdeMBP.lan with PID 38620 (/Users/zhangrong/Documents/workspace/dataworks/allinone/target/classes started by zhangrong in /Users/zhangrong/Documents/workspace/dataworks/allinone)
2021-01-18 15:36:15.501  INFO 38620 --- [main] c.i.ark.allinone.AllinoneApplication     : No active profile set, falling back to default profiles: default
2021-01-18 15:36:17.779  INFO 38620 --- [main] o.s.b.w.embedded.tomcat.TomcatWebServer  : Tomcat initialized with port(s): 8002 (http)
2021-01-18 15:36:17.975  INFO 38620 --- [main] o.s.web.context.ContextLoader            : Root WebApplicationContext: initialization completed in 2386 ms
2021-01-18 15:36:18.701  INFO 38620 --- [main] o.s.s.concurrent.ThreadPoolTaskExecutor  : Initializing ExecutorService 'applicationTaskExecutor'
2021-01-18 15:36:19.098  INFO 38620 --- [main] o.s.b.a.e.web.EndpointLinksResolver      : Exposing 4 endpoint(s) beneath base path '/actuator'
2021-01-18 15:36:19.196  INFO 38620 --- [main] o.s.b.w.embedded.tomcat.TomcatWebServer  : Tomcat started on port(s): 8002 (http) with context path ''
2021-01-18 15:36:19.201  INFO 38620 --- [main] c.i.ark.allinone.AllinoneApplication     : Started AllinoneApplication in 4.567 seconds (JVM running for 7.021)
2021-01-18 15:36:27.987  INFO 38620 --- [http-nio-8002-exec-1] o.s.web.servlet.DispatcherServlet        : Initializing Servlet 'dispatcherServlet'
2021-01-18 15:36:27.999  INFO 38620 --- [http-nio-8002-exec-1] o.s.web.servlet.DispatcherServlet        : Completed initialization in 12 ms
2021-01-18 15:37:49.770  INFO 38620 --- [Thread-4] o.s.s.concurrent.ThreadPoolTaskExecutor  : Shutting down ExecutorService 'applicationTaskExecutor'
2021-01-18 15:37:55.337  INFO 39063 --- [main] c.i.ark.allinone.AllinoneApplication     : Starting AllinoneApplication on zhangrongdeMBP.lan with PID 39063 (/Users/zhangrong/Documents/workspace/dataworks/allinone/target/classes started by zhangrong in /Users/zhangrong/Documents/workspace/dataworks/allinone)
2021-01-18 15:37:55.340  INFO 39063 --- [main] c.i.ark.allinone.AllinoneApplication     : No active profile set, falling back to default profiles: default
2021-01-18 15:37:57.534  INFO 39063 --- [main] o.s.b.w.embedded.tomcat.TomcatWebServer  : Tomcat initialized with port(s): 8002 (http)
2021-01-18 15:37:57.696  INFO 39063 --- [main] o.s.web.context.ContextLoader            : Root WebApplicationContext: initialization completed in 2282 ms
2021-01-18 15:37:58.348  INFO 39063 --- [main] o.s.s.concurrent.ThreadPoolTaskExecutor  : Initializing ExecutorService 'applicationTaskExecutor'
2021-01-18 15:37:58.765  INFO 39063 --- [main] o.s.b.a.e.web.EndpointLinksResolver      : Exposing 4 endpoint(s) beneath base path '/actuator'
2021-01-18 15:37:58.867  INFO 39063 --- [main] o.s.b.w.embedded.tomcat.TomcatWebServer  : Tomcat started on port(s): 8002 (http) with context path ''
2021-01-18 15:37:58.872  INFO 39063 --- [main] c.i.ark.allinone.AllinoneApplication     : Started AllinoneApplication in 4.389 seconds (JVM running for 6.879)
2021-01-18 15:38:04.894  INFO 39063 --- [http-nio-8002-exec-1] o.s.web.servlet.DispatcherServlet        : Initializing Servlet 'dispatcherServlet'
2021-01-18 15:38:04.905  INFO 39063 --- [http-nio-8002-exec-1] o.s.web.servlet.DispatcherServlet        : Completed initialization in 10 ms
2021-01-18 15:43:53.457  INFO 39063 --- [Thread-4] o.s.s.concurrent.ThreadPoolTaskExecutor  : Shutting down ExecutorService 'applicationTaskExecutor'
2021-01-18 15:44:02.547  INFO 40797 --- [main] c.i.ark.allinone.AllinoneApplication     : Starting AllinoneApplication on zhangrongdeMBP.lan with PID 40797 (/Users/zhangrong/Documents/workspace/dataworks/allinone/target/classes started by zhangrong in /Users/zhangrong/Documents/workspace/dataworks/allinone)
2021-01-18 15:44:02.549  INFO 40797 --- [main] c.i.ark.allinone.AllinoneApplication     : No active profile set, falling back to default profiles: default
2021-01-18 15:44:04.626  INFO 40797 --- [main] o.s.b.w.embedded.tomcat.TomcatWebServer  : Tomcat initialized with port(s): 8002 (http)
2021-01-18 15:44:04.770  INFO 40797 --- [main] o.s.web.context.ContextLoader            : Root WebApplicationContext: initialization completed in 2098 ms
2021-01-18 15:44:05.383  INFO 40797 --- [main] o.s.s.concurrent.ThreadPoolTaskExecutor  : Initializing ExecutorService 'applicationTaskExecutor'
2021-01-18 15:44:05.735  INFO 40797 --- [main] o.s.b.a.e.web.EndpointLinksResolver      : Exposing 4 endpoint(s) beneath base path '/actuator'
2021-01-18 15:44:05.818  INFO 40797 --- [main] o.s.b.w.embedded.tomcat.TomcatWebServer  : Tomcat started on port(s): 8002 (http) with context path ''
2021-01-18 15:44:05.823  INFO 40797 --- [main] c.i.ark.allinone.AllinoneApplication     : Started AllinoneApplication in 4.161 seconds (JVM running for 6.755)
2021-01-18 15:46:17.865  INFO 40797 --- [http-nio-8002-exec-1] o.s.web.servlet.DispatcherServlet        : Initializing Servlet 'dispatcherServlet'
2021-01-18 15:46:17.874  INFO 40797 --- [http-nio-8002-exec-1] o.s.web.servlet.DispatcherServlet        : Completed initialization in 9 ms
2021-01-18 15:50:07.218  INFO 40797 --- [Thread-4] o.s.s.concurrent.ThreadPoolTaskExecutor  : Shutting down ExecutorService 'applicationTaskExecutor'
2021-01-18 15:50:13.244  INFO 42575 --- [main] c.i.ark.allinone.AllinoneApplication     : Starting AllinoneApplication on zhangrongdeMBP.lan with PID 42575 (/Users/zhangrong/Documents/workspace/dataworks/allinone/target/classes started by zhangrong in /Users/zhangrong/Documents/workspace/dataworks/allinone)
2021-01-18 15:50:13.247  INFO 42575 --- [main] c.i.ark.allinone.AllinoneApplication     : No active profile set, falling back to default profiles: default
2021-01-18 15:50:15.190  INFO 42575 --- [main] o.s.b.w.embedded.tomcat.TomcatWebServer  : Tomcat initialized with port(s): 8002 (http)
2021-01-18 15:50:15.338  INFO 42575 --- [main] o.s.web.context.ContextLoader            : Root WebApplicationContext: initialization completed in 2028 ms
2021-01-18 15:50:15.914  INFO 42575 --- [main] o.s.s.concurrent.ThreadPoolTaskExecutor  : Initializing ExecutorService 'applicationTaskExecutor'
2021-01-18 15:50:16.310  INFO 42575 --- [main] o.s.b.a.e.web.EndpointLinksResolver      : Exposing 4 endpoint(s) beneath base path '/actuator'
2021-01-18 15:50:16.450  INFO 42575 --- [main] o.s.b.w.embedded.tomcat.TomcatWebServer  : Tomcat started on port(s): 8002 (http) with context path ''
2021-01-18 15:50:16.454  INFO 42575 --- [main] c.i.ark.allinone.AllinoneApplication     : Started AllinoneApplication in 4.248 seconds (JVM running for 6.409)
2021-01-18 15:50:24.249  INFO 42575 --- [http-nio-8002-exec-1] o.s.web.servlet.DispatcherServlet        : Initializing Servlet 'dispatcherServlet'
2021-01-18 15:50:24.258  INFO 42575 --- [http-nio-8002-exec-1] o.s.web.servlet.DispatcherServlet        : Completed initialization in 8 ms
2021-01-18 15:54:03.438  INFO 42575 --- [Thread-4] o.s.s.concurrent.ThreadPoolTaskExecutor  : Shutting down ExecutorService 'applicationTaskExecutor'
2021-01-18 15:54:10.602  INFO 43683 --- [main] c.i.ark.allinone.AllinoneApplication     : Starting AllinoneApplication on zhangrongdeMBP.lan with PID 43683 (/Users/zhangrong/Documents/workspace/dataworks/allinone/target/classes started by zhangrong in /Users/zhangrong/Documents/workspace/dataworks/allinone)
2021-01-18 15:54:10.604  INFO 43683 --- [main] c.i.ark.allinone.AllinoneApplication     : No active profile set, falling back to default profiles: default
2021-01-18 15:54:13.116  INFO 43683 --- [main] o.s.b.w.embedded.tomcat.TomcatWebServer  : Tomcat initialized with port(s): 8002 (http)
2021-01-18 15:54:13.335  INFO 43683 --- [main] o.s.web.context.ContextLoader            : Root WebApplicationContext: initialization completed in 2670 ms
2021-01-18 15:54:14.191  INFO 43683 --- [main] o.s.s.concurrent.ThreadPoolTaskExecutor  : Initializing ExecutorService 'applicationTaskExecutor'
2021-01-18 15:54:14.554  INFO 43683 --- [main] o.s.b.a.e.web.EndpointLinksResolver      : Exposing 4 endpoint(s) beneath base path '/actuator'
2021-01-18 15:54:14.645  INFO 43683 --- [main] o.s.b.w.embedded.tomcat.TomcatWebServer  : Tomcat started on port(s): 8002 (http) with context path ''
2021-01-18 15:54:14.650  INFO 43683 --- [main] c.i.ark.allinone.AllinoneApplication     : Started AllinoneApplication in 4.788 seconds (JVM running for 7.272)
2021-01-18 15:54:23.110  INFO 43683 --- [http-nio-8002-exec-1] o.s.web.servlet.DispatcherServlet        : Initializing Servlet 'dispatcherServlet'
2021-01-18 15:54:23.119  INFO 43683 --- [http-nio-8002-exec-1] o.s.web.servlet.DispatcherServlet        : Completed initialization in 7 ms
2021-01-18 15:57:18.631  INFO 43683 --- [Thread-4] o.s.s.concurrent.ThreadPoolTaskExecutor  : Shutting down ExecutorService 'applicationTaskExecutor'
2021-01-18 15:57:24.152  INFO 44558 --- [main] c.i.ark.allinone.AllinoneApplication     : Starting AllinoneApplication on zhangrongdeMBP.lan with PID 44558 (/Users/zhangrong/Documents/workspace/dataworks/allinone/target/classes started by zhangrong in /Users/zhangrong/Documents/workspace/dataworks/allinone)
2021-01-18 15:57:24.154  INFO 44558 --- [main] c.i.ark.allinone.AllinoneApplication     : No active profile set, falling back to default profiles: default
2021-01-18 15:57:25.899  INFO 44558 --- [main] o.s.b.w.embedded.tomcat.TomcatWebServer  : Tomcat initialized with port(s): 8002 (http)
2021-01-18 15:57:26.078  INFO 44558 --- [main] o.s.web.context.ContextLoader            : Root WebApplicationContext: initialization completed in 1856 ms
2021-01-18 15:57:26.794  INFO 44558 --- [main] o.s.s.concurrent.ThreadPoolTaskExecutor  : Initializing ExecutorService 'applicationTaskExecutor'
2021-01-18 15:57:27.137  INFO 44558 --- [main] o.s.b.a.e.web.EndpointLinksResolver      : Exposing 4 endpoint(s) beneath base path '/actuator'
2021-01-18 15:57:27.226  INFO 44558 --- [main] o.s.b.w.embedded.tomcat.TomcatWebServer  : Tomcat started on port(s): 8002 (http) with context path ''
2021-01-18 15:57:27.232  INFO 44558 --- [main] c.i.ark.allinone.AllinoneApplication     : Started AllinoneApplication in 3.726 seconds (JVM running for 6.262)
2021-01-18 15:57:32.300  INFO 44558 --- [Thread-4] o.s.s.concurrent.ThreadPoolTaskExecutor  : Shutting down ExecutorService 'applicationTaskExecutor'
2021-01-18 15:58:01.153  INFO 44809 --- [main] c.i.ark.allinone.AllinoneApplication     : Starting AllinoneApplication v0.0.1 on zhangrongdeMBP.lan with PID 44809 (/Users/zhangrong/Documents/workspace/dataworks/allinone/target/allinone-0.0.1.jar started by zhangrong in /Users/zhangrong/Documents/workspace/dataworks/allinone)
2021-01-18 15:58:01.154  INFO 44809 --- [main] c.i.ark.allinone.AllinoneApplication     : No active profile set, falling back to default profiles: default
2021-01-18 15:58:02.868  INFO 44809 --- [main] o.s.b.w.embedded.tomcat.TomcatWebServer  : Tomcat initialized with port(s): 8002 (http)
2021-01-18 15:58:02.943  INFO 44809 --- [main] o.apache.catalina.core.StandardService   : Starting service [Tomcat]
2021-01-18 15:58:02.943  INFO 44809 --- [main] org.apache.catalina.core.StandardEngine  : Starting Servlet engine: [Apache Tomcat/9.0.31]
2021-01-18 15:58:03.110  INFO 44809 --- [main] o.a.c.c.C.[Tomcat].[localhost].[/]       : Initializing Spring embedded WebApplicationContext
2021-01-18 15:58:03.111  INFO 44809 --- [main] o.s.web.context.ContextLoader            : Root WebApplicationContext: initialization completed in 1911 ms
2021-01-18 15:58:03.816  INFO 44809 --- [main] o.s.s.concurrent.ThreadPoolTaskExecutor  : Initializing ExecutorService 'applicationTaskExecutor'
2021-01-18 15:58:04.152  INFO 44809 --- [main] o.s.b.a.e.web.EndpointLinksResolver      : Exposing 4 endpoint(s) beneath base path '/actuator'
2021-01-18 15:58:04.255  INFO 44809 --- [main] o.s.b.w.embedded.tomcat.TomcatWebServer  : Tomcat started on port(s): 8002 (http) with context path ''
2021-01-18 15:58:04.260  INFO 44809 --- [main] c.i.ark.allinone.AllinoneApplication     : Started AllinoneApplication in 3.632 seconds (JVM running for 4.094)
2021-01-18 15:58:11.615  INFO 44809 --- [http-nio-8002-exec-1] o.a.c.c.C.[Tomcat].[localhost].[/]       : Initializing Spring DispatcherServlet 'dispatcherServlet'
2021-01-18 15:58:11.616  INFO 44809 --- [http-nio-8002-exec-1] o.s.web.servlet.DispatcherServlet        : Initializing Servlet 'dispatcherServlet'
2021-01-18 15:58:11.623  INFO 44809 --- [http-nio-8002-exec-1] o.s.web.servlet.DispatcherServlet        : Completed initialization in 7 ms
2021-01-18 15:58:20.138  INFO 44809 --- [Thread-3] o.s.s.concurrent.ThreadPoolTaskExecutor  : Shutting down ExecutorService 'applicationTaskExecutor'
2021-01-18 15:58:59.413  INFO 45132 --- [main] c.i.ark.allinone.AllinoneApplication     : Starting AllinoneApplication v0.0.1 on zhangrongdeMBP.lan with PID 45132 (/Users/zhangrong/Documents/workspace/dataworks/allinone/target/allinone-0.0.1-ark-biz.jar started by zhangrong in /Users/zhangrong/Documents/workspace/dataworks/allinone)
2021-01-18 15:58:59.415  INFO 45132 --- [main] c.i.ark.allinone.AllinoneApplication     : No active profile set, falling back to default profiles: default
2021-01-18 15:59:01.198  INFO 45132 --- [main] o.s.b.w.embedded.tomcat.TomcatWebServer  : Tomcat initialized with port(s): 8002 (http)
2021-01-18 15:59:01.263  INFO 45132 --- [main] o.apache.catalina.core.StandardService   : Starting service [Tomcat]
2021-01-18 15:59:01.263  INFO 45132 --- [main] org.apache.catalina.core.StandardEngine  : Starting Servlet engine: [Apache Tomcat/9.0.31]
2021-01-18 15:59:01.379  INFO 45132 --- [main] o.a.c.c.C.[Tomcat].[localhost].[/]       : Initializing Spring embedded WebApplicationContext
2021-01-18 15:59:01.379  INFO 45132 --- [main] o.s.web.context.ContextLoader            : Root WebApplicationContext: initialization completed in 1912 ms
2021-01-18 15:59:02.099  INFO 45132 --- [main] o.s.s.concurrent.ThreadPoolTaskExecutor  : Initializing ExecutorService 'applicationTaskExecutor'
2021-01-18 15:59:02.445  INFO 45132 --- [main] o.s.b.a.e.web.EndpointLinksResolver      : Exposing 4 endpoint(s) beneath base path '/actuator'
2021-01-18 15:59:02.552  INFO 45132 --- [main] o.s.b.w.embedded.tomcat.TomcatWebServer  : Tomcat started on port(s): 8002 (http) with context path ''
2021-01-18 15:59:02.557  INFO 45132 --- [main] c.i.ark.allinone.AllinoneApplication     : Started AllinoneApplication in 3.728 seconds (JVM running for 4.182)
2021-01-18 15:59:08.968  INFO 45132 --- [http-nio-8002-exec-1] o.a.c.c.C.[Tomcat].[localhost].[/]       : Initializing Spring DispatcherServlet 'dispatcherServlet'
2021-01-18 15:59:08.969  INFO 45132 --- [http-nio-8002-exec-1] o.s.web.servlet.DispatcherServlet        : Initializing Servlet 'dispatcherServlet'
2021-01-18 15:59:08.978  INFO 45132 --- [http-nio-8002-exec-1] o.s.web.servlet.DispatcherServlet        : Completed initialization in 9 ms
2021-01-18 15:59:13.515  INFO 45132 --- [Thread-3] o.s.s.concurrent.ThreadPoolTaskExecutor  : Shutting down ExecutorService 'applicationTaskExecutor'
2021-01-18 16:05:30.825  INFO 46964 --- [main] c.i.ark.allinone.AllinoneApplication     : Starting AllinoneApplication on zhangrongdeMBP.lan with PID 46964 (/Users/zhangrong/Documents/workspace/dataworks/allinone/target/classes started by zhangrong in /Users/zhangrong/Documents/workspace/dataworks/allinone)
2021-01-18 16:05:30.828  INFO 46964 --- [main] c.i.ark.allinone.AllinoneApplication     : No active profile set, falling back to default profiles: default
2021-01-18 16:05:32.810  INFO 46964 --- [main] o.s.b.w.embedded.tomcat.TomcatWebServer  : Tomcat initialized with port(s): 8002 (http)
2021-01-18 16:05:32.986  INFO 46964 --- [main] o.s.web.context.ContextLoader            : Root WebApplicationContext: initialization completed in 2101 ms
2021-01-18 16:05:33.853  INFO 46964 --- [main] o.s.s.concurrent.ThreadPoolTaskExecutor  : Initializing ExecutorService 'applicationTaskExecutor'
2021-01-18 16:05:34.245  INFO 46964 --- [main] o.s.b.a.e.web.EndpointLinksResolver      : Exposing 4 endpoint(s) beneath base path '/actuator'
2021-01-18 16:05:34.333  INFO 46964 --- [main] o.s.b.w.embedded.tomcat.TomcatWebServer  : Tomcat started on port(s): 8002 (http) with context path ''
2021-01-18 16:05:34.337  INFO 46964 --- [main] c.i.ark.allinone.AllinoneApplication     : Started AllinoneApplication in 4.165 seconds (JVM running for 6.49)
2021-01-18 16:05:45.836  INFO 46964 --- [http-nio-8002-exec-1] o.s.web.servlet.DispatcherServlet        : Initializing Servlet 'dispatcherServlet'
2021-01-18 16:05:45.848  INFO 46964 --- [http-nio-8002-exec-1] o.s.web.servlet.DispatcherServlet        : Completed initialization in 12 ms
2021-01-18 16:06:12.313  INFO 46964 --- [Thread-4] o.s.s.concurrent.ThreadPoolTaskExecutor  : Shutting down ExecutorService 'applicationTaskExecutor'
2021-01-18 16:15:31.268  INFO 49828 --- [main] c.i.ark.allinone.AllinoneApplication     : Starting AllinoneApplication on zhangrongdeMBP.lan with PID 49828 (/Users/zhangrong/Documents/workspace/dataworks/allinone/target/classes started by zhangrong in /Users/zhangrong/Documents/workspace/dataworks/allinone)
2021-01-18 16:15:31.270  INFO 49828 --- [main] c.i.ark.allinone.AllinoneApplication     : No active profile set, falling back to default profiles: default
2021-01-18 16:15:33.018  INFO 49828 --- [main] o.s.b.w.embedded.tomcat.TomcatWebServer  : Tomcat initialized with port(s): 8002 (http)
2021-01-18 16:15:33.229  INFO 49828 --- [main] o.s.web.context.ContextLoader            : Root WebApplicationContext: initialization completed in 1895 ms
2021-01-18 16:15:34.112  INFO 49828 --- [main] o.s.s.concurrent.ThreadPoolTaskExecutor  : Initializing ExecutorService 'applicationTaskExecutor'
2021-01-18 16:15:34.454  INFO 49828 --- [main] o.s.b.a.e.web.EndpointLinksResolver      : Exposing 4 endpoint(s) beneath base path '/actuator'
2021-01-18 16:15:34.534  INFO 49828 --- [main] o.s.b.w.embedded.tomcat.TomcatWebServer  : Tomcat started on port(s): 8002 (http) with context path ''
2021-01-18 16:15:34.537  INFO 49828 --- [main] c.i.ark.allinone.AllinoneApplication     : Started AllinoneApplication in 3.886 seconds (JVM running for 6.388)
2021-01-18 16:15:45.988  INFO 49828 --- [http-nio-8002-exec-1] o.s.web.servlet.DispatcherServlet        : Initializing Servlet 'dispatcherServlet'
2021-01-18 16:15:45.999  INFO 49828 --- [http-nio-8002-exec-1] o.s.web.servlet.DispatcherServlet        : Completed initialization in 11 ms
2021-01-18 16:18:13.302  INFO 49828 --- [Thread-4] o.s.s.concurrent.ThreadPoolTaskExecutor  : Shutting down ExecutorService 'applicationTaskExecutor'
2021-01-18 16:29:22.253  INFO 53850 --- [main] c.i.ark.allinone.AllinoneApplication     : Starting AllinoneApplication on zhangrongdeMBP.lan with PID 53850 (/Users/zhangrong/Documents/workspace/dataworks/allinone/target/classes started by zhangrong in /Users/zhangrong/Documents/workspace/dataworks/allinone)
2021-01-18 16:29:22.255  INFO 53850 --- [main] c.i.ark.allinone.AllinoneApplication     : No active profile set, falling back to default profiles: default
2021-01-18 16:29:24.043  INFO 53850 --- [main] o.s.b.w.embedded.tomcat.TomcatWebServer  : Tomcat initialized with port(s): 8002 (http)
2021-01-18 16:29:24.331  INFO 53850 --- [main] o.s.web.context.ContextLoader            : Root WebApplicationContext: initialization completed in 2011 ms
2021-01-18 16:29:25.195  INFO 53850 --- [main] o.s.s.concurrent.ThreadPoolTaskExecutor  : Initializing ExecutorService 'applicationTaskExecutor'
2021-01-18 16:29:25.557  INFO 53850 --- [main] o.s.b.a.e.web.EndpointLinksResolver      : Exposing 4 endpoint(s) beneath base path '/actuator'
2021-01-18 16:29:25.650  INFO 53850 --- [main] o.s.b.w.embedded.tomcat.TomcatWebServer  : Tomcat started on port(s): 8002 (http) with context path ''
2021-01-18 16:29:25.655  INFO 53850 --- [main] c.i.ark.allinone.AllinoneApplication     : Started AllinoneApplication in 4.174 seconds (JVM running for 6.849)
2021-01-18 16:29:46.032  INFO 53850 --- [Thread-4] o.s.s.concurrent.ThreadPoolTaskExecutor  : Shutting down ExecutorService 'applicationTaskExecutor'
2021-01-18 16:29:54.465  INFO 54012 --- [main] c.i.ark.allinone.AllinoneApplication     : Starting AllinoneApplication on zhangrongdeMBP.lan with PID 54012 (/Users/zhangrong/Documents/workspace/dataworks/allinone/target/classes started by zhangrong in /Users/zhangrong/Documents/workspace/dataworks/allinone)
2021-01-18 16:29:54.467  INFO 54012 --- [main] c.i.ark.allinone.AllinoneApplication     : No active profile set, falling back to default profiles: default
2021-01-18 16:29:56.619  INFO 54012 --- [main] o.s.b.w.embedded.tomcat.TomcatWebServer  : Tomcat initialized with port(s): 8002 (http)
2021-01-18 16:29:56.776  INFO 54012 --- [main] o.s.web.context.ContextLoader            : Root WebApplicationContext: initialization completed in 2236 ms
2021-01-18 16:29:57.432  INFO 54012 --- [main] o.s.s.concurrent.ThreadPoolTaskExecutor  : Initializing ExecutorService 'applicationTaskExecutor'
2021-01-18 16:29:57.774  INFO 54012 --- [main] o.s.b.a.e.web.EndpointLinksResolver      : Exposing 4 endpoint(s) beneath base path '/actuator'
2021-01-18 16:29:57.853  INFO 54012 --- [main] o.s.b.w.embedded.tomcat.TomcatWebServer  : Tomcat started on port(s): 8002 (http) with context path ''
2021-01-18 16:29:57.857  INFO 54012 --- [main] c.i.ark.allinone.AllinoneApplication     : Started AllinoneApplication in 4.254 seconds (JVM running for 6.416)
2021-01-18 16:30:07.692  INFO 54012 --- [http-nio-8002-exec-1] o.s.web.servlet.DispatcherServlet        : Initializing Servlet 'dispatcherServlet'
2021-01-18 16:30:07.702  INFO 54012 --- [http-nio-8002-exec-1] o.s.web.servlet.DispatcherServlet        : Completed initialization in 10 ms
2021-01-18 16:31:38.913  INFO 54012 --- [Thread-4] o.s.s.concurrent.ThreadPoolTaskExecutor  : Shutting down ExecutorService 'applicationTaskExecutor'
2021-01-18 16:37:43.501  INFO 56361 --- [main] c.i.ark.allinone.AllinoneApplication     : Starting AllinoneApplication on zhangrongdeMBP.lan with PID 56361 (/Users/zhangrong/Documents/workspace/dataworks/allinone/target/classes started by zhangrong in /Users/zhangrong/Documents/workspace/dataworks/allinone)
2021-01-18 16:37:43.503  INFO 56361 --- [main] c.i.ark.allinone.AllinoneApplication     : No active profile set, falling back to default profiles: default
2021-01-18 16:37:45.802  INFO 56361 --- [main] o.s.b.w.embedded.tomcat.TomcatWebServer  : Tomcat initialized with port(s): 8002 (http)
2021-01-18 16:37:45.971  INFO 56361 --- [main] o.s.web.context.ContextLoader            : Root WebApplicationContext: initialization completed in 2407 ms
2021-01-18 16:37:46.672  INFO 56361 --- [main] o.s.s.concurrent.ThreadPoolTaskExecutor  : Initializing ExecutorService 'applicationTaskExecutor'
2021-01-18 16:37:47.011  INFO 56361 --- [main] o.s.b.a.e.web.EndpointLinksResolver      : Exposing 4 endpoint(s) beneath base path '/actuator'
2021-01-18 16:37:47.094  INFO 56361 --- [main] o.s.b.w.embedded.tomcat.TomcatWebServer  : Tomcat started on port(s): 8002 (http) with context path ''
2021-01-18 16:37:47.098  INFO 56361 --- [main] c.i.ark.allinone.AllinoneApplication     : Started AllinoneApplication in 4.233 seconds (JVM running for 6.368)
2021-01-18 16:37:53.222  INFO 56361 --- [http-nio-8002-exec-1] o.s.web.servlet.DispatcherServlet        : Initializing Servlet 'dispatcherServlet'
2021-01-18 16:37:53.231  INFO 56361 --- [http-nio-8002-exec-1] o.s.web.servlet.DispatcherServlet        : Completed initialization in 9 ms
2021-01-18 16:43:42.115  INFO 56361 --- [Thread-4] o.s.s.concurrent.ThreadPoolTaskExecutor  : Shutting down ExecutorService 'applicationTaskExecutor'
2021-01-18 16:44:07.872  INFO 58728 --- [main] c.i.ark.allinone.AllinoneApplication     : Starting AllinoneApplication on zhangrongdeMBP.lan with PID 58728 (/Users/zhangrong/Documents/workspace/dataworks/allinone/target/classes started by zhangrong in /Users/zhangrong/Documents/workspace/dataworks/allinone)
2021-01-18 16:44:07.874  INFO 58728 --- [main] c.i.ark.allinone.AllinoneApplication     : No active profile set, falling back to default profiles: default
2021-01-18 16:44:10.200  INFO 58728 --- [main] o.s.b.w.embedded.tomcat.TomcatWebServer  : Tomcat initialized with port(s): 8002 (http)
2021-01-18 16:44:10.362  INFO 58728 --- [main] o.s.web.context.ContextLoader            : Root WebApplicationContext: initialization completed in 2423 ms
2021-01-18 16:44:11.092  INFO 58728 --- [main] o.s.s.concurrent.ThreadPoolTaskExecutor  : Initializing ExecutorService 'applicationTaskExecutor'
2021-01-18 16:44:11.175  WARN 58728 --- [main] ConfigServletWebServerApplicationContext : Exception encountered during context initialization - cancelling refresh attempt: org.springframework.beans.factory.BeanCreationException: Error creating bean with name 'requestMappingHandlerMapping' defined in class path resource [org/springframework/boot/autoconfigure/web/servlet/WebMvcAutoConfiguration$EnableWebMvcConfiguration.class]: Invocation of init method failed; nested exception is java.lang.IllegalStateException: Ambiguous mapping. Cannot map 'demo2Controller' method 
public java.lang.String com.ihomefnt.ark.demo.controller.Demo2Controller.testResult()
to {GET /testResult}: There is already 'demo1Controller' bean method
public java.lang.String com.ihomefnt.ark.demo.controller.Demo1Controller.testResult() mapped.
2021-01-18 16:44:11.175  INFO 58728 --- [main] o.s.s.concurrent.ThreadPoolTaskExecutor  : Shutting down ExecutorService 'applicationTaskExecutor'
2021-01-18 16:44:11.199  INFO 58728 --- [main] ConditionEvaluationReportLoggingListener : 

Error starting ApplicationContext. To display the conditions report re-run your application with 'debug' enabled.
2021-01-18 16:44:11.207 ERROR 58728 --- [main] o.s.boot.SpringApplication               : Application run failed

org.springframework.beans.factory.BeanCreationException: Error creating bean with name 'requestMappingHandlerMapping' defined in class path resource [org/springframework/boot/autoconfigure/web/servlet/WebMvcAutoConfiguration$EnableWebMvcConfiguration.class]: Invocation of init method failed; nested exception is java.lang.IllegalStateException: Ambiguous mapping. Cannot map 'demo2Controller' method 
public java.lang.String com.ihomefnt.ark.demo.controller.Demo2Controller.testResult()
to {GET /testResult}: There is already 'demo1Controller' bean method
public java.lang.String com.ihomefnt.ark.demo.controller.Demo1Controller.testResult() mapped.
	at org.springframework.beans.factory.support.AbstractAutowireCapableBeanFactory.initializeBean(AbstractAutowireCapableBeanFactory.java:1771) ~[spring-beans-5.1.14.RELEASE.jar:5.1.14.RELEASE]
	at org.springframework.beans.factory.support.AbstractAutowireCapableBeanFactory.doCreateBean(AbstractAutowireCapableBeanFactory.java:593) ~[spring-beans-5.1.14.RELEASE.jar:5.1.14.RELEASE]
	at org.springframework.beans.factory.support.AbstractAutowireCapableBeanFactory.createBean(AbstractAutowireCapableBeanFactory.java:515) ~[spring-beans-5.1.14.RELEASE.jar:5.1.14.RELEASE]
	at org.springframework.beans.factory.support.AbstractBeanFactory.lambda$doGetBean$0(AbstractBeanFactory.java:320) ~[spring-beans-5.1.14.RELEASE.jar:5.1.14.RELEASE]
	at org.springframework.beans.factory.support.DefaultSingletonBeanRegistry.getSingleton(DefaultSingletonBeanRegistry.java:222) ~[spring-beans-5.1.14.RELEASE.jar:5.1.14.RELEASE]
	at org.springframework.beans.factory.support.AbstractBeanFactory.doGetBean(AbstractBeanFactory.java:318) ~[spring-beans-5.1.14.RELEASE.jar:5.1.14.RELEASE]
	at org.springframework.beans.factory.support.AbstractBeanFactory.getBean(AbstractBeanFactory.java:199) ~[spring-beans-5.1.14.RELEASE.jar:5.1.14.RELEASE]
	at org.springframework.beans.factory.support.DefaultListableBeanFactory.preInstantiateSingletons(DefaultListableBeanFactory.java:847) ~[spring-beans-5.1.14.RELEASE.jar:5.1.14.RELEASE]
	at org.springframework.context.support.AbstractApplicationContext.finishBeanFactoryInitialization(AbstractApplicationContext.java:877) ~[spring-context-5.1.14.RELEASE.jar:5.1.14.RELEASE]
	at org.springframework.context.support.AbstractApplicationContext.refresh(AbstractApplicationContext.java:549) ~[spring-context-5.1.14.RELEASE.jar:5.1.14.RELEASE]
	at org.springframework.boot.web.servlet.context.ServletWebServerApplicationContext.refresh(ServletWebServerApplicationContext.java:141) ~[spring-boot-2.1.13.RELEASE.jar:2.1.13.RELEASE]
	at org.springframework.boot.SpringApplication.refresh(SpringApplication.java:744) [spring-boot-2.1.13.RELEASE.jar:2.1.13.RELEASE]
	at org.springframework.boot.SpringApplication.refreshContext(SpringApplication.java:391) [spring-boot-2.1.13.RELEASE.jar:2.1.13.RELEASE]
	at org.springframework.boot.SpringApplication.run(SpringApplication.java:312) [spring-boot-2.1.13.RELEASE.jar:2.1.13.RELEASE]
	at org.springframework.boot.SpringApplication.run(SpringApplication.java:1215) [spring-boot-2.1.13.RELEASE.jar:2.1.13.RELEASE]
	at org.springframework.boot.SpringApplication.run(SpringApplication.java:1204) [spring-boot-2.1.13.RELEASE.jar:2.1.13.RELEASE]
	at com.ihomefnt.ark.allinone.AllinoneApplication.main(AllinoneApplication.java:16) [classes/:na]
	at sun.reflect.NativeMethodAccessorImpl.invoke0(Native Method) ~[na:1.8.0_171]
	at sun.reflect.NativeMethodAccessorImpl.invoke(NativeMethodAccessorImpl.java:62) ~[na:1.8.0_171]
	at sun.reflect.DelegatingMethodAccessorImpl.invoke(DelegatingMethodAccessorImpl.java:43) ~[na:1.8.0_171]
	at java.lang.reflect.Method.invoke(Method.java:498) ~[na:1.8.0_171]
	at com.alipay.sofa.ark.bootstrap.MainMethodRunner.run(MainMethodRunner.java:48) [sofa-ark-archive-1.1.5.jar!/:na]
	at com.alipay.sofa.ark.container.model.BizModel.start(BizModel.java:246) [sofa-ark-container-1.1.5.jar!/:na]
	at com.alipay.sofa.ark.container.service.biz.DefaultBizDeployer.deploy(DefaultBizDeployer.java:52) [sofa-ark-container-1.1.5.jar!/:na]
	at com.alipay.sofa.ark.container.service.biz.BizDeployServiceImpl.deploy(BizDeployServiceImpl.java:55) [sofa-ark-container-1.1.5.jar!/:na]
	at com.alipay.sofa.ark.container.pipeline.DeployBizStage.process(DeployBizStage.java:46) [sofa-ark-container-1.1.5.jar!/:na]
	at com.alipay.sofa.ark.container.pipeline.StandardPipeline.process(StandardPipeline.java:75) [sofa-ark-container-1.1.5.jar!/:na]
	at com.alipay.sofa.ark.container.ArkContainer.start(ArkContainer.java:143) [sofa-ark-container-1.1.5.jar!/:na]
	at com.alipay.sofa.ark.container.ArkContainer.main(ArkContainer.java:104) [sofa-ark-container-1.1.5.jar!/:na]
	at sun.reflect.NativeMethodAccessorImpl.invoke0(Native Method) ~[na:1.8.0_171]
	at sun.reflect.NativeMethodAccessorImpl.invoke(NativeMethodAccessorImpl.java:62) ~[na:1.8.0_171]
	at sun.reflect.DelegatingMethodAccessorImpl.invoke(DelegatingMethodAccessorImpl.java:43) ~[na:1.8.0_171]
	at java.lang.reflect.Method.invoke(Method.java:498) ~[na:1.8.0_171]
	at com.alipay.sofa.ark.bootstrap.MainMethodRunner.run(MainMethodRunner.java:48) [sofa-ark-archive-1.1.5.jar!/:na]
	at com.alipay.sofa.ark.bootstrap.AbstractLauncher.launch(AbstractLauncher.java:97) [sofa-ark-archive-1.1.5.jar:na]
	at com.alipay.sofa.ark.bootstrap.AbstractLauncher.launch(AbstractLauncher.java:68) [sofa-ark-archive-1.1.5.jar:na]
	at com.alipay.sofa.ark.support.startup.SofaArkBootstrap.remain(SofaArkBootstrap.java:77) [sofa-ark-support-starter-1.1.5.jar:na]
	at sun.reflect.NativeMethodAccessorImpl.invoke0(Native Method) ~[na:1.8.0_171]
	at sun.reflect.NativeMethodAccessorImpl.invoke(NativeMethodAccessorImpl.java:62) ~[na:1.8.0_171]
	at sun.reflect.DelegatingMethodAccessorImpl.invoke(DelegatingMethodAccessorImpl.java:43) ~[na:1.8.0_171]
	at java.lang.reflect.Method.invoke(Method.java:498) ~[na:1.8.0_171]
	at com.alipay.sofa.ark.support.thread.LaunchRunner.run(LaunchRunner.java:61) [sofa-ark-support-starter-1.1.5.jar:na]
	at java.lang.Thread.run(Thread.java:748) [na:1.8.0_171]
Caused by: java.lang.IllegalStateException: Ambiguous mapping. Cannot map 'demo2Controller' method 
public java.lang.String com.ihomefnt.ark.demo.controller.Demo2Controller.testResult()
to {GET /testResult}: There is already 'demo1Controller' bean method
public java.lang.String com.ihomefnt.ark.demo.controller.Demo1Controller.testResult() mapped.
	at org.springframework.web.servlet.handler.AbstractHandlerMethodMapping$MappingRegistry.assertUniqueMethodMapping(AbstractHandlerMethodMapping.java:619) ~[spring-webmvc-5.1.14.RELEASE.jar:5.1.14.RELEASE]
	at org.springframework.web.servlet.handler.AbstractHandlerMethodMapping$MappingRegistry.register(AbstractHandlerMethodMapping.java:587) ~[spring-webmvc-5.1.14.RELEASE.jar:5.1.14.RELEASE]
	at org.springframework.web.servlet.handler.AbstractHandlerMethodMapping.registerHandlerMethod(AbstractHandlerMethodMapping.java:313) ~[spring-webmvc-5.1.14.RELEASE.jar:5.1.14.RELEASE]
	at org.springframework.web.servlet.handler.AbstractHandlerMethodMapping.lambda$detectHandlerMethods$1(AbstractHandlerMethodMapping.java:283) ~[spring-webmvc-5.1.14.RELEASE.jar:5.1.14.RELEASE]
	at java.util.LinkedHashMap.forEach(LinkedHashMap.java:684) ~[na:1.8.0_171]
	at org.springframework.web.servlet.handler.AbstractHandlerMethodMapping.detectHandlerMethods(AbstractHandlerMethodMapping.java:281) ~[spring-webmvc-5.1.14.RELEASE.jar:5.1.14.RELEASE]
	at org.springframework.web.servlet.handler.AbstractHandlerMethodMapping.processCandidateBean(AbstractHandlerMethodMapping.java:253) ~[spring-webmvc-5.1.14.RELEASE.jar:5.1.14.RELEASE]
	at org.springframework.web.servlet.handler.AbstractHandlerMethodMapping.initHandlerMethods(AbstractHandlerMethodMapping.java:212) ~[spring-webmvc-5.1.14.RELEASE.jar:5.1.14.RELEASE]
	at org.springframework.web.servlet.handler.AbstractHandlerMethodMapping.afterPropertiesSet(AbstractHandlerMethodMapping.java:200) ~[spring-webmvc-5.1.14.RELEASE.jar:5.1.14.RELEASE]
	at org.springframework.web.servlet.mvc.method.annotation.RequestMappingHandlerMapping.afterPropertiesSet(RequestMappingHandlerMapping.java:165) ~[spring-webmvc-5.1.14.RELEASE.jar:5.1.14.RELEASE]
	at org.springframework.beans.factory.support.AbstractAutowireCapableBeanFactory.invokeInitMethods(AbstractAutowireCapableBeanFactory.java:1830) ~[spring-beans-5.1.14.RELEASE.jar:5.1.14.RELEASE]
	at org.springframework.beans.factory.support.AbstractAutowireCapableBeanFactory.initializeBean(AbstractAutowireCapableBeanFactory.java:1767) ~[spring-beans-5.1.14.RELEASE.jar:5.1.14.RELEASE]
	... 42 common frames omitted

2021-01-18 16:45:21.702  INFO 59172 --- [main] c.i.ark.allinone.AllinoneApplication     : Starting AllinoneApplication on zhangrongdeMBP.lan with PID 59172 (/Users/zhangrong/Documents/workspace/dataworks/allinone/target/classes started by zhangrong in /Users/zhangrong/Documents/workspace/dataworks/allinone)
2021-01-18 16:45:21.705  INFO 59172 --- [main] c.i.ark.allinone.AllinoneApplication     : No active profile set, falling back to default profiles: default
2021-01-18 16:45:23.627  INFO 59172 --- [main] o.s.b.w.embedded.tomcat.TomcatWebServer  : Tomcat initialized with port(s): 8002 (http)
2021-01-18 16:45:23.820  INFO 59172 --- [main] o.s.web.context.ContextLoader            : Root WebApplicationContext: initialization completed in 2032 ms
2021-01-18 16:45:24.949  INFO 59172 --- [main] o.s.s.concurrent.ThreadPoolTaskExecutor  : Initializing ExecutorService 'applicationTaskExecutor'
2021-01-18 16:45:25.378  INFO 59172 --- [main] o.s.b.a.e.web.EndpointLinksResolver      : Exposing 4 endpoint(s) beneath base path '/actuator'
2021-01-18 16:45:25.466  INFO 59172 --- [main] o.s.b.w.embedded.tomcat.TomcatWebServer  : Tomcat started on port(s): 8002 (http) with context path ''
2021-01-18 16:45:25.470  INFO 59172 --- [main] c.i.ark.allinone.AllinoneApplication     : Started AllinoneApplication in 4.504 seconds (JVM running for 7.047)
2021-01-18 16:45:35.621  INFO 59172 --- [http-nio-8002-exec-1] o.s.web.servlet.DispatcherServlet        : Initializing Servlet 'dispatcherServlet'
2021-01-18 16:45:35.631  INFO 59172 --- [http-nio-8002-exec-1] o.s.web.servlet.DispatcherServlet        : Completed initialization in 8 ms
2021-01-18 16:51:56.575  INFO 59172 --- [Thread-6] o.s.s.concurrent.ThreadPoolTaskExecutor  : Shutting down ExecutorService 'applicationTaskExecutor'
2021-01-18 16:52:01.628  INFO 60961 --- [main] c.i.ark.allinone.AllinoneApplication     : Starting AllinoneApplication on zhangrongdeMBP.lan with PID 60961 (/Users/zhangrong/Documents/workspace/dataworks/allinone/target/classes started by zhangrong in /Users/zhangrong/Documents/workspace/dataworks/allinone)
2021-01-18 16:52:01.629  INFO 60961 --- [main] c.i.ark.allinone.AllinoneApplication     : No active profile set, falling back to default profiles: default
2021-01-18 16:52:03.579  INFO 60961 --- [main] o.s.b.w.embedded.tomcat.TomcatWebServer  : Tomcat initialized with port(s): 8002 (http)
2021-01-18 16:52:03.738  INFO 60961 --- [main] o.s.web.context.ContextLoader            : Root WebApplicationContext: initialization completed in 2043 ms
2021-01-18 16:52:04.394  INFO 60961 --- [main] o.s.s.concurrent.ThreadPoolTaskExecutor  : Initializing ExecutorService 'applicationTaskExecutor'
2021-01-18 16:52:04.757  INFO 60961 --- [main] o.s.b.a.e.web.EndpointLinksResolver      : Exposing 4 endpoint(s) beneath base path '/actuator'
2021-01-18 16:52:04.859  INFO 60961 --- [main] o.s.b.w.embedded.tomcat.TomcatWebServer  : Tomcat started on port(s): 8002 (http) with context path ''
2021-01-18 16:52:04.864  INFO 60961 --- [main] c.i.ark.allinone.AllinoneApplication     : Started AllinoneApplication in 3.894 seconds (JVM running for 6.211)
2021-01-18 16:52:13.001  INFO 60961 --- [http-nio-8002-exec-1] o.s.web.servlet.DispatcherServlet        : Initializing Servlet 'dispatcherServlet'
2021-01-18 16:52:13.010  INFO 60961 --- [http-nio-8002-exec-1] o.s.web.servlet.DispatcherServlet        : Completed initialization in 9 ms
2021-01-18 16:52:40.434  INFO 60961 --- [Thread-6] o.s.s.concurrent.ThreadPoolTaskExecutor  : Shutting down ExecutorService 'applicationTaskExecutor'
2021-01-18 16:52:47.586  INFO 61209 --- [main] c.i.ark.allinone.AllinoneApplication     : Starting AllinoneApplication on zhangrongdeMBP.lan with PID 61209 (/Users/zhangrong/Documents/workspace/dataworks/allinone/target/classes started by zhangrong in /Users/zhangrong/Documents/workspace/dataworks/allinone)
2021-01-18 16:52:47.587  INFO 61209 --- [main] c.i.ark.allinone.AllinoneApplication     : No active profile set, falling back to default profiles: default
2021-01-18 16:52:49.539  INFO 61209 --- [main] o.s.b.w.embedded.tomcat.TomcatWebServer  : Tomcat initialized with port(s): 8002 (http)
2021-01-18 16:52:49.705  INFO 61209 --- [main] o.s.web.context.ContextLoader            : Root WebApplicationContext: initialization completed in 2062 ms
2021-01-18 16:52:50.682  INFO 61209 --- [main] o.s.s.concurrent.ThreadPoolTaskExecutor  : Initializing ExecutorService 'applicationTaskExecutor'
2021-01-18 16:52:51.074  INFO 61209 --- [main] o.s.b.a.e.web.EndpointLinksResolver      : Exposing 4 endpoint(s) beneath base path '/actuator'
2021-01-18 16:52:51.167  INFO 61209 --- [main] o.s.b.w.embedded.tomcat.TomcatWebServer  : Tomcat started on port(s): 8002 (http) with context path ''
2021-01-18 16:52:51.171  INFO 61209 --- [main] c.i.ark.allinone.AllinoneApplication     : Started AllinoneApplication in 4.405 seconds (JVM running for 6.855)
2021-01-18 16:52:58.552  INFO 61209 --- [http-nio-8002-exec-1] o.s.web.servlet.DispatcherServlet        : Initializing Servlet 'dispatcherServlet'
2021-01-18 16:52:58.561  INFO 61209 --- [http-nio-8002-exec-1] o.s.web.servlet.DispatcherServlet        : Completed initialization in 8 ms
2021-01-18 16:53:39.820  INFO 61209 --- [Thread-6] o.s.s.concurrent.ThreadPoolTaskExecutor  : Shutting down ExecutorService 'applicationTaskExecutor'
2021-01-18 16:53:45.564  INFO 61488 --- [main] c.i.ark.allinone.AllinoneApplication     : Starting AllinoneApplication on zhangrongdeMBP.lan with PID 61488 (/Users/zhangrong/Documents/workspace/dataworks/allinone/target/classes started by zhangrong in /Users/zhangrong/Documents/workspace/dataworks/allinone)
2021-01-18 16:53:45.565  INFO 61488 --- [main] c.i.ark.allinone.AllinoneApplication     : No active profile set, falling back to default profiles: default
2021-01-18 16:53:47.485  INFO 61488 --- [main] o.s.b.w.embedded.tomcat.TomcatWebServer  : Tomcat initialized with port(s): 8002 (http)
2021-01-18 16:53:47.674  INFO 61488 --- [main] o.s.web.context.ContextLoader            : Root WebApplicationContext: initialization completed in 2056 ms
2021-01-18 16:53:48.344  INFO 61488 --- [main] o.s.s.concurrent.ThreadPoolTaskExecutor  : Initializing ExecutorService 'applicationTaskExecutor'
2021-01-18 16:53:48.694  INFO 61488 --- [main] o.s.b.a.e.web.EndpointLinksResolver      : Exposing 4 endpoint(s) beneath base path '/actuator'
2021-01-18 16:53:48.773  INFO 61488 --- [main] o.s.b.w.embedded.tomcat.TomcatWebServer  : Tomcat started on port(s): 8002 (http) with context path ''
2021-01-18 16:53:48.777  INFO 61488 --- [main] c.i.ark.allinone.AllinoneApplication     : Started AllinoneApplication in 4.131 seconds (JVM running for 6.253)
2021-01-18 16:53:52.948  INFO 61488 --- [http-nio-8002-exec-1] o.s.web.servlet.DispatcherServlet        : Initializing Servlet 'dispatcherServlet'
2021-01-18 16:53:52.957  INFO 61488 --- [http-nio-8002-exec-1] o.s.web.servlet.DispatcherServlet        : Completed initialization in 9 ms
2021-01-18 16:54:47.172  INFO 61488 --- [Thread-6] o.s.s.concurrent.ThreadPoolTaskExecutor  : Shutting down ExecutorService 'applicationTaskExecutor'
2021-01-18 17:19:56.862  INFO 69594 --- [main] c.i.ark.allinone.AllinoneApplication     : Starting AllinoneApplication on zhangrongdeMBP.lan with PID 69594 (/Users/zhangrong/Documents/workspace/dataworks/allinone/target/classes started by zhangrong in /Users/zhangrong/Documents/workspace/dataworks/allinone)
2021-01-18 17:19:56.955  INFO 69594 --- [main] c.i.ark.allinone.AllinoneApplication     : No active profile set, falling back to default profiles: default
2021-01-18 17:19:59.252  INFO 69594 --- [main] o.s.b.w.embedded.tomcat.TomcatWebServer  : Tomcat initialized with port(s): 8002 (http)
2021-01-18 17:19:59.399  INFO 69594 --- [main] o.s.web.context.ContextLoader            : Root WebApplicationContext: initialization completed in 2377 ms
2021-01-18 17:20:00.089  INFO 69594 --- [main] o.s.s.concurrent.ThreadPoolTaskExecutor  : Initializing ExecutorService 'applicationTaskExecutor'
2021-01-18 17:20:00.444  INFO 69594 --- [main] o.s.b.a.e.web.EndpointLinksResolver      : Exposing 4 endpoint(s) beneath base path '/actuator'
2021-01-18 17:20:00.527  INFO 69594 --- [main] o.s.b.w.embedded.tomcat.TomcatWebServer  : Tomcat started on port(s): 8002 (http) with context path ''
2021-01-18 17:20:00.532  INFO 69594 --- [main] c.i.ark.allinone.AllinoneApplication     : Started AllinoneApplication in 4.635 seconds (JVM running for 7.319)
2021-01-18 17:20:07.467  INFO 69594 --- [http-nio-8002-exec-1] o.s.web.servlet.DispatcherServlet        : Initializing Servlet 'dispatcherServlet'
2021-01-18 17:20:07.477  INFO 69594 --- [http-nio-8002-exec-1] o.s.web.servlet.DispatcherServlet        : Completed initialization in 9 ms
2021-01-18 17:21:18.442  INFO 69594 --- [Thread-6] o.s.s.concurrent.ThreadPoolTaskExecutor  : Shutting down ExecutorService 'applicationTaskExecutor'
